[1734154813.348][INFO]: Starting ChromeDriver 131.0.6778.108 (3b014839fbc4fb688b2f5af512d6ce312ad208b1-refs/branch-heads/6778@{#2393}) on port 25962
[1734154813.348][INFO]: Please see https://chromedriver.chromium.org/security-considerations for suggestions on keeping ChromeDriver safe.
[1734154813.354][INFO]: ChromeDriver was started successfully on port 25962
[1734154813.946][INFO]: [1cdae57b6fbcc4ab259c1e5551ae6692] COMMAND InitSession {
   "capabilities": {
      "firstMatch": [ {
         "browserName": "chrome",
         "goog:chromeOptions": {
            "args": [ "--remote-allow-origins=*" ],
            "binary": "C:\\Program Files\\Google\\Chrome\\Application\\chrome.exe",
            "extensions": [  ]
         },
         "goog:loggingPrefs": {
            "browser": "ALL",
            "driver": "ALL"
         }
      } ]
   }
}
[1734154813.947][INFO]: Populating Preferences file: {
   "alternate_error_pages": {
      "enabled": false
   },
   "autofill": {
      "enabled": false
   },
   "browser": {
      "check_default_browser": false
   },
   "distribution": {
      "import_bookmarks": false,
      "import_history": false,
      "import_search_engine": false,
      "make_chrome_default_for_user": false,
      "skip_first_run_ui": true
   },
   "dns_prefetching": {
      "enabled": false
   },
   "profile": {
      "content_settings": {
         "pattern_pairs": {
            "https://*,*": {
               "media-stream": {
                  "audio": "Default",
                  "video": "Default"
               }
            }
         }
      },
      "default_content_setting_values": {
         "geolocation": 1
      },
      "default_content_settings": {
         "geolocation": 1,
         "mouselock": 1,
         "notifications": 1,
         "popups": 1,
         "ppapi-broker": 1
      },
      "password_manager_enabled": false
   },
   "safebrowsing": {
      "enabled": false
   },
   "search": {
      "suggest_enabled": false
   },
   "translate": {
      "enabled": false
   }
}
[1734154813.948][INFO]: Populating Local State file: {
   "background_mode": {
      "enabled": false
   },
   "ssl": {
      "rev_checking": {
         "enabled": false
      }
   }
}
[1734154813.950][INFO]: ChromeDriver supports communication with Chrome via pipes. This is more reliable and more secure.
[1734154813.950][INFO]: Use the --remote-debugging-pipe Chrome switch instead of the default --remote-debugging-port to enable this communication mode.
[1734154813.951][INFO]: Launching chrome: "C:\Program Files\Google\Chrome\Application\chrome.exe" --allow-pre-commit-input --disable-background-networking --disable-backgrounding-occluded-windows --disable-client-side-phishing-detection --disable-default-apps --disable-hang-monitor --disable-popup-blocking --disable-prompt-on-repost --disable-sync --enable-automation --enable-logging --log-level=0 --no-first-run --no-service-autorun --password-store=basic --remote-allow-origins=* --remote-debugging-port=0 --test-type=webdriver --use-mock-keychain --user-data-dir="C:\Users\hemal\AppData\Local\Temp\scoped_dir14528_1602415447" data:,
[1734154814.868][INFO]: resolved localhost to ["::1","127.0.0.1"]
[1734154814.876][INFO]: [1cdae57b6fbcc4ab259c1e5551ae6692] RESPONSE InitSession {
   "capabilities": {
      "acceptInsecureCerts": false,
      "browserName": "chrome",
      "browserVersion": "131.0.6778.109",
      "chrome": {
         "chromedriverVersion": "131.0.6778.108 (3b014839fbc4fb688b2f5af512d6ce312ad208b1-refs/branch-heads/6778@{#2393})",
         "userDataDir": "C:\\Users\\hemal\\AppData\\Local\\Temp\\scoped_dir14528_1602415447"
      },
      "fedcm:accounts": true,
      "goog:chromeOptions": {
         "debuggerAddress": "localhost:56717"
      },
      "networkConnectionEnabled": false,
      "pageLoadStrategy": "normal",
      "platformName": "windows",
      "proxy": {
      },
      "setWindowRect": true,
      "strictFileInteractability": false,
      "timeouts": {
         "implicit": 0,
         "pageLoad": 300000,
         "script": 30000
      },
      "unhandledPromptBehavior": "dismiss and notify",
      "webauthn:extension:credBlob": true,
      "webauthn:extension:largeBlob": true,
      "webauthn:extension:minPinLength": true,
      "webauthn:extension:prf": true,
      "webauthn:virtualAuthenticators": true
   },
   "sessionId": "1cdae57b6fbcc4ab259c1e5551ae6692"
}
[1734154815.028][INFO]: [1cdae57b6fbcc4ab259c1e5551ae6692] COMMAND MaximizeWindow {
}
[1734154815.028][INFO]: Waiting for pending navigations...
[1734154815.031][INFO]: Done waiting for pending navigations. Status: ok
[1734154815.068][INFO]: Waiting for pending navigations...
[1734154815.068][INFO]: Done waiting for pending navigations. Status: ok
[1734154815.068][INFO]: [1cdae57b6fbcc4ab259c1e5551ae6692] RESPONSE MaximizeWindow {
   "height": 832,
   "width": 1552,
   "x": -8,
   "y": -8
}
[1734154815.075][INFO]: [1cdae57b6fbcc4ab259c1e5551ae6692] COMMAND SetTimeouts {
   "implicit": 30000
}
[1734154815.075][INFO]: [1cdae57b6fbcc4ab259c1e5551ae6692] RESPONSE SetTimeouts
[1734154815.087][INFO]: [1cdae57b6fbcc4ab259c1e5551ae6692] COMMAND Navigate {
   "url": "https://forms.gle/wjPkzeSEk1CM7KgGA"
}
[1734154815.087][INFO]: Waiting for pending navigations...
[1734154815.088][INFO]: Done waiting for pending navigations. Status: ok
[1734154817.226][INFO]: Waiting for pending navigations...
[1734154818.688][INFO]: Done waiting for pending navigations. Status: ok
[1734154818.688][INFO]: [1cdae57b6fbcc4ab259c1e5551ae6692] RESPONSE Navigate
[1734154818.691][INFO]: [1cdae57b6fbcc4ab259c1e5551ae6692] COMMAND GetUrl {
}
[1734154818.691][INFO]: Waiting for pending navigations...
[1734154818.692][INFO]: Done waiting for pending navigations. Status: ok
[1734154818.742][INFO]: Waiting for pending navigations...
[1734154818.742][INFO]: Done waiting for pending navigations. Status: ok
[1734154818.742][INFO]: [1cdae57b6fbcc4ab259c1e5551ae6692] RESPONSE GetUrl "https://docs.google.com/forms/d/e/1FAIpQLSep9LTMntH5YqIXa5nkiPKSs283kdwitBBhXWyZdAS-e4CxBQ/viewform?usp=send_form"
[1734154822.754][INFO]: [1cdae57b6fbcc4ab259c1e5551ae6692] COMMAND FindElement {
   "using": "xpath",
   "value": "(//input[@class= 'whsOnd zHQkBf'])[1]"
}
[1734154822.754][INFO]: Waiting for pending navigations...
[1734154822.755][INFO]: Done waiting for pending navigations. Status: ok
[1734154822.779][INFO]: Waiting for pending navigations...
[1734154822.780][INFO]: Done waiting for pending navigations. Status: ok
[1734154822.780][INFO]: [1cdae57b6fbcc4ab259c1e5551ae6692] RESPONSE FindElement {
   "element-6066-11e4-a52e-4f735466cecf": "f.6D96DBA549D1EF81215780F46014DA25.d.1426458F0637C82A3E97E7339A3B5DEC.e.3"
}
[1734154822.788][INFO]: [1cdae57b6fbcc4ab259c1e5551ae6692] COMMAND ClickElement {
   "id": "f.6D96DBA549D1EF81215780F46014DA25.d.1426458F0637C82A3E97E7339A3B5DEC.e.3"
}
[1734154822.788][INFO]: Waiting for pending navigations...
[1734154822.788][INFO]: Done waiting for pending navigations. Status: ok
[1734154822.887][INFO]: Waiting for pending navigations...
[1734154822.890][INFO]: Done waiting for pending navigations. Status: ok
[1734154822.890][INFO]: [1cdae57b6fbcc4ab259c1e5551ae6692] RESPONSE ClickElement
[1734154822.897][INFO]: [1cdae57b6fbcc4ab259c1e5551ae6692] COMMAND TypeElement {
   "id": "f.6D96DBA549D1EF81215780F46014DA25.d.1426458F0637C82A3E97E7339A3B5DEC.e.3",
   "text": "Crio Learner",
   "value": [ "C", "r", "i", "o", " ", "L", "e", "a", "r", "n", "e", "r" ]
}
[1734154822.897][INFO]: Waiting for pending navigations...
[1734154822.898][INFO]: Done waiting for pending navigations. Status: ok
[1734154822.968][INFO]: Waiting for pending navigations...
[1734154822.970][INFO]: Done waiting for pending navigations. Status: ok
[1734154822.970][INFO]: [1cdae57b6fbcc4ab259c1e5551ae6692] RESPONSE TypeElement
[1734154822.975][INFO]: [1cdae57b6fbcc4ab259c1e5551ae6692] COMMAND FindElement {
   "using": "xpath",
   "value": "//textarea[@class='KHxj8b tL9Q4c']"
}
[1734154822.975][INFO]: Waiting for pending navigations...
[1734154822.975][INFO]: Done waiting for pending navigations. Status: ok
[1734154822.986][INFO]: Waiting for pending navigations...
[1734154822.986][INFO]: Done waiting for pending navigations. Status: ok
[1734154822.986][INFO]: [1cdae57b6fbcc4ab259c1e5551ae6692] RESPONSE FindElement {
   "element-6066-11e4-a52e-4f735466cecf": "f.6D96DBA549D1EF81215780F46014DA25.d.1426458F0637C82A3E97E7339A3B5DEC.e.5"
}
[1734154822.991][INFO]: [1cdae57b6fbcc4ab259c1e5551ae6692] COMMAND TypeElement {
   "id": "f.6D96DBA549D1EF81215780F46014DA25.d.1426458F0637C82A3E97E7339A3B5DEC.e.5",
   "text": "I want to be the best QA Engineer!1734154822",
   "value": [ "I", " ", "w", "a", "n", "t", " ", "t", "o", " ", "b", "e", " ", "t", "h", "e", " ", "b", "e", "s", "t", " ", "Q", "A", " ", "E", "n", "g", "i", "n", "e", "e", "r", "!", "1", "7", "3", "4", "1", "5", "4", "8", "2", "2" ]
}
[1734154822.991][INFO]: Waiting for pending navigations...
[1734154822.992][INFO]: Done waiting for pending navigations. Status: ok
[1734154823.146][INFO]: Waiting for pending navigations...
[1734154823.150][INFO]: Done waiting for pending navigations. Status: ok
[1734154823.150][INFO]: [1cdae57b6fbcc4ab259c1e5551ae6692] RESPONSE TypeElement
[1734154823.154][INFO]: [1cdae57b6fbcc4ab259c1e5551ae6692] COMMAND FindElement {
   "using": "xpath",
   "value": "//div[@data-value = '0 - 2']/div/div"
}
[1734154823.154][INFO]: Waiting for pending navigations...
[1734154823.155][INFO]: Done waiting for pending navigations. Status: ok
[1734154823.166][INFO]: Waiting for pending navigations...
[1734154823.166][INFO]: Done waiting for pending navigations. Status: ok
[1734154823.166][INFO]: [1cdae57b6fbcc4ab259c1e5551ae6692] RESPONSE FindElement {
   "element-6066-11e4-a52e-4f735466cecf": "f.6D96DBA549D1EF81215780F46014DA25.d.1426458F0637C82A3E97E7339A3B5DEC.e.24"
}
[1734154823.170][INFO]: [1cdae57b6fbcc4ab259c1e5551ae6692] COMMAND ClickElement {
   "id": "f.6D96DBA549D1EF81215780F46014DA25.d.1426458F0637C82A3E97E7339A3B5DEC.e.24"
}
[1734154823.170][INFO]: Waiting for pending navigations...
[1734154823.171][INFO]: Done waiting for pending navigations. Status: ok
[1734154823.238][INFO]: Waiting for pending navigations...
[1734154823.241][INFO]: Done waiting for pending navigations. Status: ok
[1734154823.241][INFO]: [1cdae57b6fbcc4ab259c1e5551ae6692] RESPONSE ClickElement
[1734154823.245][INFO]: [1cdae57b6fbcc4ab259c1e5551ae6692] COMMAND FindElement {
   "using": "xpath",
   "value": "//span[text()='Java']"
}
[1734154823.245][INFO]: Waiting for pending navigations...
[1734154823.246][INFO]: Done waiting for pending navigations. Status: ok
[1734154823.254][INFO]: Waiting for pending navigations...
[1734154823.255][INFO]: Done waiting for pending navigations. Status: ok
[1734154823.255][INFO]: [1cdae57b6fbcc4ab259c1e5551ae6692] RESPONSE FindElement {
   "element-6066-11e4-a52e-4f735466cecf": "f.6D96DBA549D1EF81215780F46014DA25.d.1426458F0637C82A3E97E7339A3B5DEC.e.26"
}
[1734154823.263][INFO]: [1cdae57b6fbcc4ab259c1e5551ae6692] COMMAND ClickElement {
   "id": "f.6D96DBA549D1EF81215780F46014DA25.d.1426458F0637C82A3E97E7339A3B5DEC.e.26"
}
[1734154823.263][INFO]: Waiting for pending navigations...
[1734154823.263][INFO]: Done waiting for pending navigations. Status: ok
[1734154823.325][INFO]: Waiting for pending navigations...
[1734154823.328][INFO]: Done waiting for pending navigations. Status: ok
[1734154823.328][INFO]: [1cdae57b6fbcc4ab259c1e5551ae6692] RESPONSE ClickElement
[1734154823.332][INFO]: [1cdae57b6fbcc4ab259c1e5551ae6692] COMMAND FindElement {
   "using": "xpath",
   "value": "//span[text()='Selenium']"
}
[1734154823.332][INFO]: Waiting for pending navigations...
[1734154823.333][INFO]: Done waiting for pending navigations. Status: ok
[1734154823.342][INFO]: Waiting for pending navigations...
[1734154823.343][INFO]: Done waiting for pending navigations. Status: ok
[1734154823.343][INFO]: [1cdae57b6fbcc4ab259c1e5551ae6692] RESPONSE FindElement {
   "element-6066-11e4-a52e-4f735466cecf": "f.6D96DBA549D1EF81215780F46014DA25.d.1426458F0637C82A3E97E7339A3B5DEC.e.27"
}
[1734154823.347][INFO]: [1cdae57b6fbcc4ab259c1e5551ae6692] COMMAND ClickElement {
   "id": "f.6D96DBA549D1EF81215780F46014DA25.d.1426458F0637C82A3E97E7339A3B5DEC.e.27"
}
[1734154823.347][INFO]: Waiting for pending navigations...
[1734154823.347][INFO]: Done waiting for pending navigations. Status: ok
[1734154823.414][INFO]: Waiting for pending navigations...
[1734154823.416][INFO]: Done waiting for pending navigations. Status: ok
[1734154823.416][INFO]: [1cdae57b6fbcc4ab259c1e5551ae6692] RESPONSE ClickElement
[1734154823.419][INFO]: [1cdae57b6fbcc4ab259c1e5551ae6692] COMMAND FindElement {
   "using": "xpath",
   "value": "//span[text()='TestNG']"
}
[1734154823.419][INFO]: Waiting for pending navigations...
[1734154823.420][INFO]: Done waiting for pending navigations. Status: ok
[1734154823.430][INFO]: Waiting for pending navigations...
[1734154823.431][INFO]: Done waiting for pending navigations. Status: ok
[1734154823.431][INFO]: [1cdae57b6fbcc4ab259c1e5551ae6692] RESPONSE FindElement {
   "element-6066-11e4-a52e-4f735466cecf": "f.6D96DBA549D1EF81215780F46014DA25.d.1426458F0637C82A3E97E7339A3B5DEC.e.28"
}
[1734154823.434][INFO]: [1cdae57b6fbcc4ab259c1e5551ae6692] COMMAND ClickElement {
   "id": "f.6D96DBA549D1EF81215780F46014DA25.d.1426458F0637C82A3E97E7339A3B5DEC.e.28"
}
[1734154823.434][INFO]: Waiting for pending navigations...
[1734154823.435][INFO]: Done waiting for pending navigations. Status: ok
[1734154823.501][INFO]: Waiting for pending navigations...
[1734154823.502][INFO]: Done waiting for pending navigations. Status: ok
[1734154823.502][INFO]: [1cdae57b6fbcc4ab259c1e5551ae6692] RESPONSE ClickElement
[1734154823.506][INFO]: [1cdae57b6fbcc4ab259c1e5551ae6692] COMMAND FindElement {
   "using": "xpath",
   "value": "//div[@class='e2CuFe eU809d']"
}
[1734154823.506][INFO]: Waiting for pending navigations...
[1734154823.506][INFO]: Done waiting for pending navigations. Status: ok
[1734154823.514][INFO]: Waiting for pending navigations...
[1734154823.515][INFO]: Done waiting for pending navigations. Status: ok
[1734154823.515][INFO]: [1cdae57b6fbcc4ab259c1e5551ae6692] RESPONSE FindElement {
   "element-6066-11e4-a52e-4f735466cecf": "f.6D96DBA549D1EF81215780F46014DA25.d.1426458F0637C82A3E97E7339A3B5DEC.e.29"
}
[1734154823.518][INFO]: [1cdae57b6fbcc4ab259c1e5551ae6692] COMMAND ClickElement {
   "id": "f.6D96DBA549D1EF81215780F46014DA25.d.1426458F0637C82A3E97E7339A3B5DEC.e.29"
}
[1734154823.518][INFO]: Waiting for pending navigations...
[1734154823.519][INFO]: Done waiting for pending navigations. Status: ok
[1734154823.659][INFO]: Waiting for pending navigations...
[1734154823.677][INFO]: Done waiting for pending navigations. Status: ok
[1734154823.677][INFO]: [1cdae57b6fbcc4ab259c1e5551ae6692] RESPONSE ClickElement
[1734154825.674][INFO]: [1cdae57b6fbcc4ab259c1e5551ae6692] COMMAND FindElement {
   "using": "xpath",
   "value": "(//span[text()='Ms'])[2]"
}
[1734154825.674][INFO]: Waiting for pending navigations...
[1734154825.675][INFO]: Done waiting for pending navigations. Status: ok
[1734154825.684][INFO]: Waiting for pending navigations...
[1734154825.685][INFO]: Done waiting for pending navigations. Status: ok
[1734154825.685][INFO]: [1cdae57b6fbcc4ab259c1e5551ae6692] RESPONSE FindElement {
   "element-6066-11e4-a52e-4f735466cecf": "f.6D96DBA549D1EF81215780F46014DA25.d.1426458F0637C82A3E97E7339A3B5DEC.e.32"
}
[1734154825.688][INFO]: [1cdae57b6fbcc4ab259c1e5551ae6692] COMMAND ClickElement {
   "id": "f.6D96DBA549D1EF81215780F46014DA25.d.1426458F0637C82A3E97E7339A3B5DEC.e.32"
}
[1734154825.688][INFO]: Waiting for pending navigations...
[1734154825.689][INFO]: Done waiting for pending navigations. Status: ok
[1734154825.759][INFO]: Waiting for pending navigations...
[1734154825.764][INFO]: Done waiting for pending navigations. Status: ok
[1734154825.764][INFO]: [1cdae57b6fbcc4ab259c1e5551ae6692] RESPONSE ClickElement
[1734154827.851][INFO]: [1cdae57b6fbcc4ab259c1e5551ae6692] COMMAND FindElement {
   "using": "xpath",
   "value": "//input[@type='date']"
}
[1734154827.851][INFO]: Waiting for pending navigations...
[1734154827.852][INFO]: Done waiting for pending navigations. Status: ok
[1734154827.860][INFO]: Waiting for pending navigations...
[1734154827.861][INFO]: Done waiting for pending navigations. Status: ok
[1734154827.861][INFO]: [1cdae57b6fbcc4ab259c1e5551ae6692] RESPONSE FindElement {
   "element-6066-11e4-a52e-4f735466cecf": "f.6D96DBA549D1EF81215780F46014DA25.d.1426458F0637C82A3E97E7339A3B5DEC.e.34"
}
[1734154827.865][INFO]: [1cdae57b6fbcc4ab259c1e5551ae6692] COMMAND TypeElement {
   "id": "f.6D96DBA549D1EF81215780F46014DA25.d.1426458F0637C82A3E97E7339A3B5DEC.e.34",
   "text": "07/12/2024",
   "value": [ "0", "7", "/", "1", "2", "/", "2", "0", "2", "4" ]
}
[1734154827.865][INFO]: Waiting for pending navigations...
[1734154827.866][INFO]: Done waiting for pending navigations. Status: ok
[1734154827.931][INFO]: Waiting for pending navigations...
[1734154827.932][INFO]: Done waiting for pending navigations. Status: ok
[1734154827.932][INFO]: [1cdae57b6fbcc4ab259c1e5551ae6692] RESPONSE TypeElement
[1734154827.937][INFO]: [1cdae57b6fbcc4ab259c1e5551ae6692] COMMAND FindElement {
   "using": "xpath",
   "value": "//input[@aria-label= 'Hour']"
}
[1734154827.937][INFO]: Waiting for pending navigations...
[1734154827.938][INFO]: Done waiting for pending navigations. Status: ok
[1734154827.946][INFO]: Waiting for pending navigations...
[1734154827.947][INFO]: Done waiting for pending navigations. Status: ok
[1734154827.947][INFO]: [1cdae57b6fbcc4ab259c1e5551ae6692] RESPONSE FindElement {
   "element-6066-11e4-a52e-4f735466cecf": "f.6D96DBA549D1EF81215780F46014DA25.d.1426458F0637C82A3E97E7339A3B5DEC.e.6"
}
[1734154827.951][INFO]: [1cdae57b6fbcc4ab259c1e5551ae6692] COMMAND TypeElement {
   "id": "f.6D96DBA549D1EF81215780F46014DA25.d.1426458F0637C82A3E97E7339A3B5DEC.e.6",
   "text": "07",
   "value": [ "0", "7" ]
}
[1734154827.951][INFO]: Waiting for pending navigations...
[1734154827.952][INFO]: Done waiting for pending navigations. Status: ok
[1734154828.001][INFO]: Waiting for pending navigations...
[1734154828.004][INFO]: Done waiting for pending navigations. Status: ok
[1734154828.004][INFO]: [1cdae57b6fbcc4ab259c1e5551ae6692] RESPONSE TypeElement
[1734154828.007][INFO]: [1cdae57b6fbcc4ab259c1e5551ae6692] COMMAND FindElement {
   "using": "xpath",
   "value": "//input[@aria-label= 'Minute']"
}
[1734154828.007][INFO]: Waiting for pending navigations...
[1734154828.008][INFO]: Done waiting for pending navigations. Status: ok
[1734154828.018][INFO]: Waiting for pending navigations...
[1734154828.019][INFO]: Done waiting for pending navigations. Status: ok
[1734154828.019][INFO]: [1cdae57b6fbcc4ab259c1e5551ae6692] RESPONSE FindElement {
   "element-6066-11e4-a52e-4f735466cecf": "f.6D96DBA549D1EF81215780F46014DA25.d.1426458F0637C82A3E97E7339A3B5DEC.e.7"
}
[1734154828.023][INFO]: [1cdae57b6fbcc4ab259c1e5551ae6692] COMMAND TypeElement {
   "id": "f.6D96DBA549D1EF81215780F46014DA25.d.1426458F0637C82A3E97E7339A3B5DEC.e.7",
   "text": "30",
   "value": [ "3", "0" ]
}
[1734154828.023][INFO]: Waiting for pending navigations...
[1734154828.024][INFO]: Done waiting for pending navigations. Status: ok
[1734154828.076][INFO]: Waiting for pending navigations...
[1734154828.078][INFO]: Done waiting for pending navigations. Status: ok
[1734154828.078][INFO]: [1cdae57b6fbcc4ab259c1e5551ae6692] RESPONSE TypeElement
[1734154828.082][INFO]: [1cdae57b6fbcc4ab259c1e5551ae6692] COMMAND FindElement {
   "using": "xpath",
   "value": "//span[text()='Submit']"
}
[1734154828.083][INFO]: Waiting for pending navigations...
[1734154828.084][INFO]: Done waiting for pending navigations. Status: ok
[1734154828.094][INFO]: Waiting for pending navigations...
[1734154828.097][INFO]: Done waiting for pending navigations. Status: ok
[1734154828.097][INFO]: [1cdae57b6fbcc4ab259c1e5551ae6692] RESPONSE FindElement {
   "element-6066-11e4-a52e-4f735466cecf": "f.6D96DBA549D1EF81215780F46014DA25.d.1426458F0637C82A3E97E7339A3B5DEC.e.47"
}
[1734154828.100][INFO]: [1cdae57b6fbcc4ab259c1e5551ae6692] COMMAND ClickElement {
   "id": "f.6D96DBA549D1EF81215780F46014DA25.d.1426458F0637C82A3E97E7339A3B5DEC.e.47"
}
[1734154828.100][INFO]: Waiting for pending navigations...
[1734154828.101][INFO]: Done waiting for pending navigations. Status: ok
[1734154828.165][INFO]: Waiting for pending navigations...
[1734154829.873][INFO]: Done waiting for pending navigations. Status: ok
[1734154829.873][INFO]: [1cdae57b6fbcc4ab259c1e5551ae6692] RESPONSE ClickElement
[1734154829.877][INFO]: [1cdae57b6fbcc4ab259c1e5551ae6692] COMMAND FindElement {
   "using": "xpath",
   "value": "//div[@class='vHW8K']"
}
[1734154829.877][INFO]: Waiting for pending navigations...
[1734154829.878][INFO]: Done waiting for pending navigations. Status: ok
[1734154829.889][INFO]: Waiting for pending navigations...
[1734154829.890][INFO]: Done waiting for pending navigations. Status: ok
[1734154829.890][INFO]: [1cdae57b6fbcc4ab259c1e5551ae6692] RESPONSE FindElement {
   "element-6066-11e4-a52e-4f735466cecf": "f.6D96DBA549D1EF81215780F46014DA25.d.EA3E4E31135C47DC12C537D50F189246.e.51"
}
[1734154829.893][INFO]: [1cdae57b6fbcc4ab259c1e5551ae6692] COMMAND GetElementText {
   "id": "f.6D96DBA549D1EF81215780F46014DA25.d.EA3E4E31135C47DC12C537D50F189246.e.51"
}
[1734154829.893][INFO]: Waiting for pending navigations...
[1734154829.894][INFO]: Done waiting for pending navigations. Status: ok
[1734154829.907][INFO]: Waiting for pending navigations...
[1734154829.908][INFO]: Done waiting for pending navigations. Status: ok
[1734154829.908][INFO]: [1cdae57b6fbcc4ab259c1e5551ae6692] RESPONSE GetElementText "Thanks for your response, Automation Wizard!"
[1734154829.913][INFO]: [1cdae57b6fbcc4ab259c1e5551ae6692] COMMAND CloseWindow {
}
[1734154829.973][INFO]: [1cdae57b6fbcc4ab259c1e5551ae6692] RESPONSE CloseWindow [  ]
